[00:00:21] [Server thread/INFO]: [Not Secure] <ZyberXMC> nature inside a cave
[00:00:38] [Server thread/INFO]: [Not Secure] <ZyberXMC> y bloques de
[00:00:45] [Server thread/INFO]: [Not Secure] <ZyberXMC> a m a t i s t a
[00:01:45] [Server thread/INFO]: [Not Secure] <ZyberXMC> wtf
[00:01:48] [Server thread/INFO]: [Not Secure] <Cacharro7> q
[00:01:49] [Server thread/INFO]: [Not Secure] <ZyberXMC> ya me perdi
[00:01:50] [Server thread/INFO]: [Not Secure] <ZyberXMC> xf
[00:02:02] [Server thread/INFO]: [Not Secure] <Cacharro7> tu eres lo bolita azul i guess
[00:02:08] [Server thread/INFO]: [Not Secure] <ZyberXMC> nocherto ya vi
[00:02:54] [Server thread/INFO]: [Not Secure] <Cacharro7> nigro
[00:04:28] [Server thread/INFO]: Cacharro7 has made the advancement [A Seedy Place]
[00:04:45] [Server thread/INFO]: [Not Secure] <Cacharro7> mf flexing
[00:04:45] [Server thread/INFO]: [Not Secure] <ZyberXMC> xff
[00:05:08] [Server thread/INFO]: [Not Secure] <ZyberXMC> ur slow
[00:05:15] [Server thread/INFO]: [Not Secure] <ZyberXMC> hdp
[00:05:20] [Server thread/INFO]: [Not Secure] <ZyberXMC> u can take it
[00:05:21] [Server thread/INFO]: [Not Secure] <Cacharro7> big brain
[00:05:23] [Server thread/INFO]: [Not Secure] <ZyberXMC> im not a jew
[00:05:31] [Server thread/INFO]: [Not Secure] <Cacharro7> im romanian
[00:05:38] [Server thread/INFO]: ZyberXMC has made the advancement [Not Today, Thank You]
[00:05:53] [Server thread/INFO]: ZyberXMC has made the advancement [Suit Up]
[00:06:14] [Server thread/WARN]: Player ZyberXMC just tried to change non-editable sign
[00:06:21] [Server thread/INFO]: [Not Secure] <ZyberXMC> so
[00:06:28] [Server thread/INFO]: [Not Secure] <ZyberXMC> where the hell are w
[00:06:29] [Server thread/INFO]: [Not Secure] <Cacharro7> WE NEED FOOD
[00:06:29] [Server thread/INFO]: [Not Secure] <ZyberXMC> e
